<?xml version="1.0" encoding="UTF-8"?>
<!-- Generated by org.testng.reporters.JUnitReportReporter -->
<testsuite hostname="DESKTOP-A3145QO" failures="0" tests="3" name="swagLabs.TestCase.LoginPageTest" time="1.082" errors="0" timestamp="2024-05-26T16:21:43 IST" skipped="0">
  <testcase classname="swagLabs.TestCase.LoginPageTest" name="loginTest" time="1.033"/>
  <system-out/>
  <testcase classname="swagLabs.TestCase.LoginPageTest" name="verifyUrl" time="0.024"/>
  <system-out/>
  <testcase classname="swagLabs.TestCase.LoginPageTest" name="verifyTitle" time="0.025"/>
  <system-out/>
</testsuite> <!-- swagLabs.TestCase.LoginPageTest -->
