<?xml version="1.0" encoding="UTF-8"?>
<!-- Generated by org.testng.reporters.JUnitReportReporter -->
<testsuite hostname="DESKTOP-A3145QO" failures="0" tests="4" name="swagLabs.TestCase.InventoryPageTest" time="0.345" errors="0" timestamp="2024-05-27T20:42:27 IST" skipped="0">
  <testcase classname="swagLabs.TestCase.InventoryPageTest" name="verifyTitle" time="0.045"/>
  <system-out/>
  <testcase classname="swagLabs.TestCase.InventoryPageTest" name="verifyProductCount" time="0.041"/>
  <system-out/>
  <testcase classname="swagLabs.TestCase.InventoryPageTest" name="printAllProduct" time="0.132"/>
  <system-out/>
  <testcase classname="swagLabs.TestCase.InventoryPageTest" name="addTocart" time="0.127"/>
  <system-out/>
</testsuite> <!-- swagLabs.TestCase.InventoryPageTest -->
